[19:47:49] [ServerMain/INFO]: [bootstrap] Running Java 21 (OpenJDK 64-Bit Server VM 21.0.8+9-LTS; Eclipse Adoptium Temurin-21.0.8+9) on Linux 6.10.14-linuxkit (aarch64)
[19:47:49] [ServerMain/INFO]: [bootstrap] Loading Paper 1.21-130-master@b1b5d4c (2024-08-10T10:02:42Z) for Minecraft 1.21
[19:47:49] [ServerMain/INFO]: [PluginInitializerManager] Initializing plugins...
[19:47:50] [ServerMain/INFO]: [PluginInitializerManager] Initialized 0 plugins
[19:47:53] [ServerMain/INFO]: Environment: Environment[sessionHost=https://sessionserver.mojang.com, servicesHost=https://api.minecraftservices.com, name=PROD]
[19:47:54] [ServerMain/INFO]: Loaded 1290 recipes
[19:47:54] [ServerMain/INFO]: Loaded 1399 advancements
[19:47:54] [Server thread/INFO]: Starting minecraft server version 1.21
[19:47:54] [Server thread/INFO]: Loading properties
[19:47:54] [Server thread/INFO]: This server is running Paper version 1.21-130-master@b1b5d4c (2024-08-10T10:02:42Z) (Implementing API version 1.21-R0.1-SNAPSHOT)
[19:47:55] [Server thread/INFO]: [spark] This server bundles the spark profiler. For more information please visit https://docs.papermc.io/paper/profiling
[19:47:55] [Server thread/INFO]: Server Ping Player Sample Count: 12
[19:47:55] [Server thread/INFO]: Using 4 threads for Netty based IO
[19:47:55] [Server thread/INFO]: [ChunkTaskScheduler] Chunk system is using 1 I/O threads, 2 worker threads, and population gen parallelism of 2 threads
[19:47:55] [Server thread/INFO]: Default game type: CREATIVE
[19:47:55] [Server thread/INFO]: Generating keypair
[19:47:55] [Server thread/INFO]: Starting Minecraft server on *:25565
[19:47:55] [Server thread/INFO]: Using epoll channel type
[19:47:55] [Server thread/INFO]: Paper: Using libdeflate (Linux aarch64) compression from Velocity.
[19:47:55] [Server thread/INFO]: Paper: Using OpenSSL (Linux aarch64) cipher from Velocity.
[19:47:55] [Server thread/INFO]: Server permissions file permissions.yml is empty, ignoring it
[19:47:55] [Server thread/WARN]: **** SERVER IS RUNNING IN OFFLINE/INSECURE MODE!
[19:47:55] [Server thread/WARN]: The server will make no attempt to authenticate usernames. Beware.
[19:47:55] [Server thread/WARN]: While this makes the game possible to play without internet access, it also opens up the ability for hackers to connect with any username they choose.
[19:47:55] [Server thread/WARN]: To change this, set "online-mode" to "true" in the server.properties file.
[19:47:55] [Server thread/INFO]: Preparing level "world"
[19:47:56] [Server thread/INFO]: Preparing start region for dimension minecraft:overworld
[19:47:56] [Server thread/INFO]: Time elapsed: 524 ms
[19:47:56] [Server thread/INFO]: Preparing start region for dimension minecraft:the_nether
[19:47:56] [Server thread/INFO]: Time elapsed: 75 ms
[19:47:56] [Server thread/INFO]: Preparing start region for dimension minecraft:the_end
[19:47:56] [Server thread/INFO]: Time elapsed: 65 ms
[19:47:56] [Server thread/INFO]: [spark] Starting background profiler...
[19:47:57] [Server thread/INFO]: Done preparing level "world" (1.182s)
[19:47:57] [Server thread/INFO]: Starting remote control listener
[19:47:57] [Server thread/INFO]: Thread RCON Listener started
[19:47:57] [Server thread/INFO]: RCON running on 0.0.0.0:25575
[19:47:57] [Server thread/INFO]: Running delayed init tasks
[19:47:57] [Server thread/INFO]: Done (7.926s)! For help, type "help"
[19:47:57] [Server thread/INFO]: Timings Reset
[19:47:58] [User Authenticator #0/INFO]: UUID of player timwm is bad10bfa-f43a-3d7e-8dec-7f193b10e490
[19:47:59] [Server thread/INFO]: timwm joined the game
[19:47:59] [Server thread/INFO]: timwm[/172.67.221.49:32465] logged in with entity id 15 at ([world]8.062698202141615, 64.0, -7.489175908914346)
[19:53:23] [User Authenticator #1/INFO]: UUID of player Alpha is d4f0704a-3a4c-3f30-80e5-695c1cf28fe2
[19:53:23] [Server thread/INFO]: Alpha joined the game
[19:53:23] [Server thread/INFO]: Alpha[/172.67.221.49:31530] logged in with entity id 132 at ([world]6.5, 64.0, 0.5)
[19:53:23] [Server thread/INFO]: Alpha lost connection: Disconnected
[19:53:23] [Server thread/INFO]: Alpha left the game
[19:55:37] [User Authenticator #2/INFO]: UUID of player Alpha is d4f0704a-3a4c-3f30-80e5-695c1cf28fe2
[19:55:37] [Server thread/INFO]: Alpha joined the game
[19:55:37] [Server thread/INFO]: Alpha[/172.67.221.49:43999] logged in with entity id 168 at ([world]6.5, 64.0, 0.5)
[19:55:37] [Server thread/INFO]: Alpha lost connection: Disconnected
[19:55:37] [Server thread/INFO]: Alpha left the game
[19:56:40] [User Authenticator #3/INFO]: UUID of player Alpha is d4f0704a-3a4c-3f30-80e5-695c1cf28fe2
[19:56:40] [Server thread/INFO]: Alpha joined the game
[19:56:40] [Server thread/INFO]: Alpha[/172.67.221.49:45997] logged in with entity id 184 at ([world]6.5, 64.0, 0.5)
[19:56:40] [Server thread/INFO]: Alpha lost connection: Disconnected
[19:56:40] [Server thread/INFO]: Alpha left the game
[19:58:19] [User Authenticator #4/INFO]: UUID of player Alpha is d4f0704a-3a4c-3f30-80e5-695c1cf28fe2
[19:58:19] [Server thread/INFO]: Alpha joined the game
[19:58:19] [Server thread/INFO]: Alpha[/172.67.221.49:21177] logged in with entity id 209 at ([world]6.5, 64.0, 0.5)
[19:58:19] [Server thread/INFO]: Alpha lost connection: Disconnected
[19:58:19] [Server thread/INFO]: Alpha left the game
[20:19:33] [User Authenticator #5/INFO]: UUID of player Alpha is d4f0704a-3a4c-3f30-80e5-695c1cf28fe2
[20:19:33] [Server thread/INFO]: Alpha joined the game
[20:19:33] [Server thread/INFO]: Alpha[/172.67.221.49:55690] logged in with entity id 518 at ([world]6.5, 64.0, 0.5)
[20:19:34] [Server thread/INFO]: Alpha lost connection: Disconnected
[20:19:34] [Server thread/INFO]: Alpha left the game
[20:21:53] [User Authenticator #6/INFO]: UUID of player Alpha is d4f0704a-3a4c-3f30-80e5-695c1cf28fe2
[20:21:53] [Server thread/INFO]: Alpha joined the game
[20:21:53] [Server thread/INFO]: Alpha[/172.67.221.49:35517] logged in with entity id 554 at ([world]6.5, 64.0, 0.5)
[20:21:53] [Server thread/INFO]: Alpha lost connection: Disconnected
[20:21:53] [Server thread/INFO]: Alpha left the game
[20:22:21] [User Authenticator #6/INFO]: UUID of player Alpha is d4f0704a-3a4c-3f30-80e5-695c1cf28fe2
[20:22:21] [Server thread/INFO]: Alpha joined the game
[20:22:21] [Server thread/INFO]: Alpha[/172.67.221.49:60253] logged in with entity id 563 at ([world]6.5, 64.0, 0.5)
[20:22:22] [Server thread/INFO]: Alpha lost connection: Disconnected
[20:22:22] [Server thread/INFO]: Alpha left the game
